<?xml version="1.0" encoding="UTF-8"?>
<testsuite xmlns:xsi="http://www.w3.org/2001/XMLSchema-instance" xsi:noNamespaceSchemaLocation="https://maven.apache.org/surefire/maven-surefire-plugin/xsd/surefire-test-report.xsd" name="com.prayandworship.AppTest" time="0.017" tests="1" errors="0" skipped="0" failures="0">
  <properties>
    <property name="java.specification.version" value="20"/>
    <property name="sun.jnu.encoding" value="UTF-8"/>
    <property name="java.class.path" value="/Users/overtime/Documents/GitHub/PrayAndWorship/prayandworship/target/test-classes:/Users/overtime/Documents/GitHub/PrayAndWorship/prayandworship/target/classes:/Users/overtime/.m2/repository/org/spigotmc/spigot-api/1.16.5-R0.1-SNAPSHOT/spigot-api-1.16.5-R0.1-SNAPSHOT.jar:/Users/overtime/.m2/repository/commons-lang/commons-lang/2.6/commons-lang-2.6.jar:/Users/overtime/.m2/repository/com/google/guava/guava/21.0/guava-21.0.jar:/Users/overtime/.m2/repository/com/google/code/gson/gson/2.8.0/gson-2.8.0.jar:/Users/overtime/.m2/repository/net/md-5/bungeecord-chat/1.16-R0.4/bungeecord-chat-1.16-R0.4.jar:/Users/overtime/.m2/repository/org/yaml/snakeyaml/1.27/snakeyaml-1.27.jar:/Users/overtime/.m2/repository/com/sk89q/worldedit/worldedit-bukkit/7.2.7/worldedit-bukkit-7.2.7.jar:/Users/overtime/.m2/repository/com/sk89q/worldedit/worldedit-core/7.2.7/worldedit-core-7.2.7.jar:/Users/overtime/.m2/repository/com/sk89q/worldedit/worldedit-libs/core/7.2.7/core-7.2.7.jar:/Users/overtime/.m2/repository/org/antlr/antlr4/4.9.1/antlr4-4.9.1.jar:/Users/overtime/.m2/repository/org/antlr/antlr-runtime/3.5.2/antlr-runtime-3.5.2.jar:/Users/overtime/.m2/repository/org/antlr/ST4/4.3/ST4-4.3.jar:/Users/overtime/.m2/repository/org/abego/treelayout/org.abego.treelayout.core/1.0.3/org.abego.treelayout.core-1.0.3.jar:/Users/overtime/.m2/repository/org/glassfish/javax.json/1.0.4/javax.json-1.0.4.jar:/Users/overtime/.m2/repository/com/ibm/icu/icu4j/61.1/icu4j-61.1.jar:/Users/overtime/.m2/repository/org/mozilla/rhino-runtime/1.7.13/rhino-runtime-1.7.13.jar:/Users/overtime/.m2/repository/com/google/code/findbugs/jsr305/1.3.9/jsr305-1.3.9.jar:/Users/overtime/.m2/repository/org/apache/logging/log4j/log4j-api/2.14.1/log4j-api-2.14.1.jar:/Users/overtime/.m2/repository/org/antlr/antlr4-runtime/4.9.1/antlr4-runtime-4.9.1.jar:/Users/overtime/.m2/repository/com/sk89q/worldedit/worldedit-libs/bukkit/7.2.7/bukkit-7.2.7.jar:/Users/overtime/.m2/repository/io/papermc/paperlib/1.0.6/paperlib-1.0.6.jar:/Users/overtime/.m2/repository/org/bstats/bstats-bukkit/2.1.0/bstats-bukkit-2.1.0.jar:/Users/overtime/.m2/repository/org/bstats/bstats-base/2.1.0/bstats-base-2.1.0.jar:/Users/overtime/.m2/repository/it/unimi/dsi/fastutil/8.2.1/fastutil-8.2.1.jar:/Users/overtime/.m2/repository/com/github/SaberLLC/Saber-Factions/1.6.x-7c2bcf0df9-1/Saber-Factions-1.6.x-7c2bcf0df9-1.jar:/Users/overtime/.m2/repository/junit/junit/4.11/junit-4.11.jar:/Users/overtime/.m2/repository/org/hamcrest/hamcrest-core/1.3/hamcrest-core-1.3.jar:"/>
    <property name="java.vm.vendor" value="Homebrew"/>
    <property name="sun.arch.data.model" value="64"/>
    <property name="java.vendor.url" value="https://github.com/Homebrew/homebrew-core/issues"/>
    <property name="os.name" value="Mac OS X"/>
    <property name="java.vm.specification.version" value="20"/>
    <property name="sun.java.launcher" value="SUN_STANDARD"/>
    <property name="user.country" value="US"/>
    <property name="sun.boot.library.path" value="/opt/homebrew/Cellar/openjdk/20.0.2/libexec/openjdk.jdk/Contents/Home/lib"/>
    <property name="sun.java.command" value="/Users/overtime/Documents/GitHub/PrayAndWorship/prayandworship/target/surefire/surefirebooter1062482389002266038.jar /Users/overtime/Documents/GitHub/PrayAndWorship/prayandworship/target/surefire 2023-09-12T00-30-35_602-jvmRun1 surefire2118847102808603255tmp surefire_08346538479026142149tmp"/>
    <property name="http.nonProxyHosts" value="local|*.local|169.254/16|*.169.254/16"/>
    <property name="jdk.debug" value="release"/>
    <property name="surefire.test.class.path" value="/Users/overtime/Documents/GitHub/PrayAndWorship/prayandworship/target/test-classes:/Users/overtime/Documents/GitHub/PrayAndWorship/prayandworship/target/classes:/Users/overtime/.m2/repository/org/spigotmc/spigot-api/1.16.5-R0.1-SNAPSHOT/spigot-api-1.16.5-R0.1-SNAPSHOT.jar:/Users/overtime/.m2/repository/commons-lang/commons-lang/2.6/commons-lang-2.6.jar:/Users/overtime/.m2/repository/com/google/guava/guava/21.0/guava-21.0.jar:/Users/overtime/.m2/repository/com/google/code/gson/gson/2.8.0/gson-2.8.0.jar:/Users/overtime/.m2/repository/net/md-5/bungeecord-chat/1.16-R0.4/bungeecord-chat-1.16-R0.4.jar:/Users/overtime/.m2/repository/org/yaml/snakeyaml/1.27/snakeyaml-1.27.jar:/Users/overtime/.m2/repository/com/sk89q/worldedit/worldedit-bukkit/7.2.7/worldedit-bukkit-7.2.7.jar:/Users/overtime/.m2/repository/com/sk89q/worldedit/worldedit-core/7.2.7/worldedit-core-7.2.7.jar:/Users/overtime/.m2/repository/com/sk89q/worldedit/worldedit-libs/core/7.2.7/core-7.2.7.jar:/Users/overtime/.m2/repository/org/antlr/antlr4/4.9.1/antlr4-4.9.1.jar:/Users/overtime/.m2/repository/org/antlr/antlr-runtime/3.5.2/antlr-runtime-3.5.2.jar:/Users/overtime/.m2/repository/org/antlr/ST4/4.3/ST4-4.3.jar:/Users/overtime/.m2/repository/org/abego/treelayout/org.abego.treelayout.core/1.0.3/org.abego.treelayout.core-1.0.3.jar:/Users/overtime/.m2/repository/org/glassfish/javax.json/1.0.4/javax.json-1.0.4.jar:/Users/overtime/.m2/repository/com/ibm/icu/icu4j/61.1/icu4j-61.1.jar:/Users/overtime/.m2/repository/org/mozilla/rhino-runtime/1.7.13/rhino-runtime-1.7.13.jar:/Users/overtime/.m2/repository/com/google/code/findbugs/jsr305/1.3.9/jsr305-1.3.9.jar:/Users/overtime/.m2/repository/org/apache/logging/log4j/log4j-api/2.14.1/log4j-api-2.14.1.jar:/Users/overtime/.m2/repository/org/antlr/antlr4-runtime/4.9.1/antlr4-runtime-4.9.1.jar:/Users/overtime/.m2/repository/com/sk89q/worldedit/worldedit-libs/bukkit/7.2.7/bukkit-7.2.7.jar:/Users/overtime/.m2/repository/io/papermc/paperlib/1.0.6/paperlib-1.0.6.jar:/Users/overtime/.m2/repository/org/bstats/bstats-bukkit/2.1.0/bstats-bukkit-2.1.0.jar:/Users/overtime/.m2/repository/org/bstats/bstats-base/2.1.0/bstats-base-2.1.0.jar:/Users/overtime/.m2/repository/it/unimi/dsi/fastutil/8.2.1/fastutil-8.2.1.jar:/Users/overtime/.m2/repository/com/github/SaberLLC/Saber-Factions/1.6.x-7c2bcf0df9-1/Saber-Factions-1.6.x-7c2bcf0df9-1.jar:/Users/overtime/.m2/repository/junit/junit/4.11/junit-4.11.jar:/Users/overtime/.m2/repository/org/hamcrest/hamcrest-core/1.3/hamcrest-core-1.3.jar:"/>
    <property name="sun.cpu.endian" value="little"/>
    <property name="user.home" value="/Users/overtime"/>
    <property name="user.language" value="en"/>
    <property name="java.specification.vendor" value="Oracle Corporation"/>
    <property name="java.version.date" value="2023-07-18"/>
    <property name="java.home" value="/opt/homebrew/Cellar/openjdk/20.0.2/libexec/openjdk.jdk/Contents/Home"/>
    <property name="file.separator" value="/"/>
    <property name="basedir" value="/Users/overtime/Documents/GitHub/PrayAndWorship/prayandworship"/>
    <property name="java.vm.compressedOopsMode" value="Zero based"/>
    <property name="line.separator" value="&#10;"/>
    <property name="java.vm.specification.vendor" value="Oracle Corporation"/>
    <property name="java.specification.name" value="Java Platform API Specification"/>
    <property name="apple.awt.application.name" value="ForkedBooter"/>
    <property name="surefire.real.class.path" value="/Users/overtime/Documents/GitHub/PrayAndWorship/prayandworship/target/surefire/surefirebooter1062482389002266038.jar"/>
    <property name="sun.management.compiler" value="HotSpot 64-Bit Tiered Compilers"/>
    <property name="ftp.nonProxyHosts" value="local|*.local|169.254/16|*.169.254/16"/>
    <property name="java.runtime.version" value="20.0.2"/>
    <property name="user.name" value="overtime"/>
    <property name="stdout.encoding" value="UTF-8"/>
    <property name="path.separator" value=":"/>
    <property name="os.version" value="12.3.1"/>
    <property name="java.runtime.name" value="OpenJDK Runtime Environment"/>
    <property name="file.encoding" value="UTF-8"/>
    <property name="java.vm.name" value="OpenJDK 64-Bit Server VM"/>
    <property name="java.vendor.version" value="Homebrew"/>
    <property name="localRepository" value="/Users/overtime/.m2/repository"/>
    <property name="java.vendor.url.bug" value="https://github.com/Homebrew/homebrew-core/issues"/>
    <property name="java.io.tmpdir" value="/var/folders/9q/mpwv_dps3570zkhn6kq90dk40000gn/T/"/>
    <property name="java.version" value="20.0.2"/>
    <property name="user.dir" value="/Users/overtime/Documents/GitHub/PrayAndWorship/prayandworship"/>
    <property name="os.arch" value="aarch64"/>
    <property name="java.vm.specification.name" value="Java Virtual Machine Specification"/>
    <property name="native.encoding" value="UTF-8"/>
    <property name="java.library.path" value="/Users/overtime/Library/Java/Extensions:/Library/Java/Extensions:/Network/Library/Java/Extensions:/System/Library/Java/Extensions:/usr/lib/java:."/>
    <property name="java.vm.info" value="mixed mode, sharing"/>
    <property name="stderr.encoding" value="UTF-8"/>
    <property name="java.vendor" value="Homebrew"/>
    <property name="java.vm.version" value="20.0.2"/>
    <property name="sun.io.unicode.encoding" value="UnicodeBig"/>
    <property name="socksNonProxyHosts" value="local|*.local|169.254/16|*.169.254/16"/>
    <property name="java.class.version" value="64.0"/>
  </properties>
  <testcase name="shouldAnswerWithTrue" classname="com.prayandworship.AppTest" time="0.001"/>
</testsuite>